<?xml version="1.0" encoding="UTF-8"?>
<testsuite name="com.example.listycity.CityListTest" tests="2" skipped="0" failures="0" errors="0" timestamp="2026-02-13T22:34:02.507Z" hostname="Ahmeds-MacBook-Air-42.local" time="0.011">
  <properties/>
  <testcase name="testCountCities()" classname="com.example.listycity.CityListTest" time="0.008"/>
  <testcase name="testDelete()" classname="com.example.listycity.CityListTest" time="0.002"/>
  <system-out><![CDATA[]]></system-out>
  <system-err><![CDATA[]]></system-err>
</testsuite>
